{"numTotalTestSuites":3,"numPassedTestSuites":0,"numFailedTestSuites":3,"numPendingTestSuites":0,"numTotalTests":2,"numPassedTests":1,"numFailedTests":1,"numPendingTests":0,"numTodoTests":0,"snapshot":{"added":0,"failure":false,"filesAdded":0,"filesRemoved":0,"filesRemovedList":[],"filesUnmatched":0,"filesUpdated":0,"matched":0,"total":0,"unchecked":0,"uncheckedKeysByFile":[],"unmatched":0,"updated":0,"didUpdate":false},"startTime":1771608212774,"success":false,"testResults":[{"assertionResults":[{"ancestorTitles":["AriService","updateBulk"],"fullName":"AriService updateBulk should execute bulk updates inside a transaction","status":"passed","title":"should execute bulk updates inside a transaction","duration":4.909400000000005,"failureMessages":[],"meta":{}},{"ancestorTitles":["AriService","updateBulk"],"fullName":"AriService updateBulk should correctly configure date ranges","status":"failed","title":"should correctly configure date ranges","duration":6.095499999999902,"failureMessages":["AssertionError: expected \"vi.fn()\" to be called with arguments: [ ObjectContaining{…} ]\u001b[90m\n\nReceived: \n\n\u001b[1m  1st vi.fn() call:\n\n\u001b[22m\u001b[2m  [\u001b[22m\n\u001b[32m-   ObjectContaining {\u001b[90m\n\u001b[32m-     \"data\": ArrayContaining [\u001b[90m\n\u001b[32m-       ObjectContaining {\u001b[90m\n\u001b[32m-         \"date\": 2026-03-01T00:00:00.000Z,\u001b[90m\n\u001b[31m+   {\u001b[90m\n\u001b[31m+     \"data\": [\u001b[90m\n\u001b[31m+       {\u001b[90m\n\u001b[31m+         \"date\": 2026-03-01T03:00:00.000Z,\u001b[90m\n\u001b[31m+         \"propertyId\": \"prop-123\",\u001b[90m\n\u001b[31m+         \"roomTypeId\": \"rt-1\",\u001b[90m\n\u001b[2m        },\u001b[22m\n\u001b[32m-       ObjectContaining {\u001b[90m\n\u001b[32m-         \"date\": 2026-03-02T00:00:00.000Z,\u001b[90m\n\u001b[31m+       {\u001b[90m\n\u001b[31m+         \"date\": 2026-03-02T03:00:00.000Z,\u001b[90m\n\u001b[31m+         \"propertyId\": \"prop-123\",\u001b[90m\n\u001b[31m+         \"roomTypeId\": \"rt-1\",\u001b[90m\n\u001b[2m        },\u001b[22m\n\u001b[2m      ],\u001b[22m\n\u001b[31m+     \"skipDuplicates\": true,\u001b[90m\n\u001b[2m    },\u001b[22m\n\u001b[2m  ]\u001b[22m\n\u001b[39m\u001b[90m\n\nNumber of calls: \u001b[1m1\u001b[22m\n\u001b[39m\n    at Proxy.<anonymous> (file:///D:/Antigravity/AiHospitality/web/node_modules/@vitest/expect/dist/index.js:1420:10)\n    at Proxy.<anonymous> (file:///D:/Antigravity/AiHospitality/web/node_modules/@vitest/expect/dist/index.js:1090:14)\n    at Proxy.methodWrapper (file:///D:/Antigravity/AiHospitality/web/node_modules/chai/index.js:1700:25)\n    at D:/Antigravity/AiHospitality/web/src/lib/services/__tests__/ari-service.test.ts:90:51\n    at processTicksAndRejections (node:internal/process/task_queues:105:5)\n    at file:///D:/Antigravity/AiHospitality/web/node_modules/@vitest/runner/dist/index.js:915:20"],"meta":{}}],"startTime":1771608214460,"endTime":1771608214471.0955,"status":"failed","message":"","name":"D:/Antigravity/AiHospitality/web/src/lib/services/__tests__/ari-service.test.ts"}]}